{"/Users/nikitaaware/Desktop/fetch/src/Models/ApiError.ts": {"path":"/Users/nikitaaware/Desktop/fetch/src/Models/ApiError.ts","statementMap":{"0":{"start":{"line":7,"column":8},"end":{"line":7,"column":23}},"1":{"start":{"line":8,"column":8},"end":{"line":8,"column":29}},"2":{"start":{"line":9,"column":8},"end":{"line":9,"column":25}},"3":{"start":{"line":1,"column":0},"end":{"line":1,"column":13}}},"fnMap":{"0":{"name":"(anonymous_0)","decl":{"start":{"line":6,"column":4},"end":{"line":6,"column":16}},"loc":{"start":{"line":6,"column":60},"end":{"line":10,"column":5}}}},"branchMap":{},"s":{"0":0,"1":0,"2":0,"3":1},"f":{"0":0},"b":{}}
,"/Users/nikitaaware/Desktop/fetch/src/controllers/receiptController.ts": {"path":"/Users/nikitaaware/Desktop/fetch/src/controllers/receiptController.ts","statementMap":{"0":{"start":{"line":3,"column":0},"end":{"line":3,"column":36}},"1":{"start":{"line":4,"column":0},"end":{"line":4,"column":46}},"2":{"start":{"line":6,"column":37},"end":{"line":6,"column":39}},"3":{"start":{"line":7,"column":27},"end":{"line":15,"column":null}},"4":{"start":{"line":7,"column":85},"end":{"line":15,"column":null}},"5":{"start":{"line":8,"column":4},"end":{"line":14,"column":null}},"6":{"start":{"line":9,"column":33},"end":{"line":9,"column":41}},"7":{"start":{"line":10,"column":26},"end":{"line":10,"column":57}},"8":{"start":{"line":11,"column":8},"end":{"line":11,"column":55}},"9":{"start":{"line":13,"column":8},"end":{"line":13,"column":45}},"10":{"start":{"line":7,"column":13},"end":{"line":7,"column":27}},"11":{"start":{"line":16,"column":25},"end":{"line":27,"column":null}},"12":{"start":{"line":16,"column":83},"end":{"line":27,"column":null}},"13":{"start":{"line":17,"column":4},"end":{"line":26,"column":null}},"14":{"start":{"line":18,"column":19},"end":{"line":18,"column":32}},"15":{"start":{"line":19,"column":8},"end":{"line":21,"column":null}},"16":{"start":{"line":20,"column":12},"end":{"line":20,"column":84}},"17":{"start":{"line":22,"column":8},"end":{"line":22,"column":53}},"18":{"start":{"line":25,"column":8},"end":{"line":25,"column":20}},"19":{"start":{"line":16,"column":13},"end":{"line":16,"column":25}},"20":{"start":{"line":29,"column":38},"end":{"line":33,"column":1}},"21":{"start":{"line":30,"column":22},"end":{"line":30,"column":30}},"22":{"start":{"line":31,"column":4},"end":{"line":31,"column":45}},"23":{"start":{"line":32,"column":4},"end":{"line":32,"column":21}},"24":{"start":{"line":29,"column":13},"end":{"line":29,"column":38}},"25":{"start":{"line":35,"column":30},"end":{"line":37,"column":1}},"26":{"start":{"line":36,"column":4},"end":{"line":36,"column":null}},"27":{"start":{"line":35,"column":13},"end":{"line":35,"column":30}},"28":{"start":{"line":38,"column":30},"end":{"line":40,"column":1}},"29":{"start":{"line":39,"column":4},"end":{"line":39,"column":56}},"30":{"start":{"line":38,"column":13},"end":{"line":38,"column":30}},"31":{"start":{"line":41,"column":30},"end":{"line":43,"column":1}},"32":{"start":{"line":42,"column":4},"end":{"line":42,"column":59}},"33":{"start":{"line":41,"column":13},"end":{"line":41,"column":30}},"34":{"start":{"line":44,"column":30},"end":{"line":46,"column":1}},"35":{"start":{"line":45,"column":4},"end":{"line":45,"column":54}},"36":{"start":{"line":44,"column":13},"end":{"line":44,"column":30}},"37":{"start":{"line":47,"column":30},"end":{"line":53,"column":1}},"38":{"start":{"line":48,"column":30},"end":{"line":48,"column":31}},"39":{"start":{"line":49,"column":4},"end":{"line":51,"column":null}},"40":{"start":{"line":50,"column":8},"end":{"line":50,"column":115}},"41":{"start":{"line":52,"column":4},"end":{"line":52,"column":23}},"42":{"start":{"line":47,"column":13},"end":{"line":47,"column":30}},"43":{"start":{"line":54,"column":30},"end":{"line":56,"column":1}},"44":{"start":{"line":55,"column":4},"end":{"line":55,"column":78}},"45":{"start":{"line":54,"column":13},"end":{"line":54,"column":30}},"46":{"start":{"line":57,"column":30},"end":{"line":60,"column":1}},"47":{"start":{"line":58,"column":27},"end":{"line":58,"column":75}},"48":{"start":{"line":59,"column":4},"end":{"line":59,"column":64}},"49":{"start":{"line":57,"column":13},"end":{"line":57,"column":30}},"50":{"start":{"line":61,"column":27},"end":{"line":70,"column":1}},"51":{"start":{"line":63,"column":4},"end":{"line":69,"column":32}},"52":{"start":{"line":61,"column":13},"end":{"line":61,"column":27}}},"fnMap":{"0":{"name":"(anonymous_7)","decl":{"start":{"line":7,"column":27},"end":{"line":7,"column":34}},"loc":{"start":{"line":7,"column":85},"end":{"line":15,"column":null}}},"1":{"name":"(anonymous_8)","decl":{"start":{"line":7,"column":85},"end":{"line":7,"column":null}},"loc":{"start":{"line":7,"column":85},"end":{"line":15,"column":1}}},"2":{"name":"(anonymous_9)","decl":{"start":{"line":16,"column":25},"end":{"line":16,"column":32}},"loc":{"start":{"line":16,"column":83},"end":{"line":27,"column":null}}},"3":{"name":"(anonymous_10)","decl":{"start":{"line":16,"column":83},"end":{"line":16,"column":null}},"loc":{"start":{"line":16,"column":83},"end":{"line":27,"column":1}}},"4":{"name":"(anonymous_11)","decl":{"start":{"line":29,"column":38},"end":{"line":29,"column":39}},"loc":{"start":{"line":29,"column":67},"end":{"line":33,"column":1}}},"5":{"name":"(anonymous_12)","decl":{"start":{"line":35,"column":30},"end":{"line":35,"column":31}},"loc":{"start":{"line":35,"column":51},"end":{"line":37,"column":1}}},"6":{"name":"(anonymous_13)","decl":{"start":{"line":38,"column":30},"end":{"line":38,"column":31}},"loc":{"start":{"line":38,"column":51},"end":{"line":40,"column":1}}},"7":{"name":"(anonymous_14)","decl":{"start":{"line":41,"column":30},"end":{"line":41,"column":31}},"loc":{"start":{"line":41,"column":51},"end":{"line":43,"column":1}}},"8":{"name":"(anonymous_15)","decl":{"start":{"line":44,"column":30},"end":{"line":44,"column":31}},"loc":{"start":{"line":44,"column":51},"end":{"line":46,"column":1}}},"9":{"name":"(anonymous_16)","decl":{"start":{"line":47,"column":30},"end":{"line":47,"column":31}},"loc":{"start":{"line":47,"column":51},"end":{"line":53,"column":1}}},"10":{"name":"(anonymous_17)","decl":{"start":{"line":49,"column":26},"end":{"line":49,"column":27}},"loc":{"start":{"line":49,"column":35},"end":{"line":51,"column":5}}},"11":{"name":"(anonymous_18)","decl":{"start":{"line":54,"column":30},"end":{"line":54,"column":31}},"loc":{"start":{"line":54,"column":51},"end":{"line":56,"column":1}}},"12":{"name":"(anonymous_19)","decl":{"start":{"line":57,"column":30},"end":{"line":57,"column":31}},"loc":{"start":{"line":57,"column":51},"end":{"line":60,"column":1}}},"13":{"name":"(anonymous_20)","decl":{"start":{"line":61,"column":27},"end":{"line":61,"column":28}},"loc":{"start":{"line":61,"column":48},"end":{"line":70,"column":1}}}},"branchMap":{"0":{"loc":{"start":{"line":19,"column":8},"end":{"line":21,"column":null}},"type":"if","locations":[{"start":{"line":19,"column":8},"end":{"line":21,"column":null}}]},"1":{"loc":{"start":{"line":39,"column":11},"end":{"line":39,"column":55}},"type":"cond-expr","locations":[{"start":{"line":39,"column":49},"end":{"line":39,"column":51}},{"start":{"line":39,"column":54},"end":{"line":39,"column":55}}]},"2":{"loc":{"start":{"line":42,"column":11},"end":{"line":42,"column":58}},"type":"cond-expr","locations":[{"start":{"line":42,"column":52},"end":{"line":42,"column":54}},{"start":{"line":42,"column":57},"end":{"line":42,"column":58}}]},"3":{"loc":{"start":{"line":50,"column":23},"end":{"line":50,"column":114}},"type":"cond-expr","locations":[{"start":{"line":50,"column":71},"end":{"line":50,"column":110}},{"start":{"line":50,"column":113},"end":{"line":50,"column":114}}]},"4":{"loc":{"start":{"line":55,"column":11},"end":{"line":55,"column":77}},"type":"cond-expr","locations":[{"start":{"line":55,"column":72},"end":{"line":55,"column":73}},{"start":{"line":55,"column":76},"end":{"line":55,"column":77}}]},"5":{"loc":{"start":{"line":59,"column":11},"end":{"line":59,"column":63}},"type":"cond-expr","locations":[{"start":{"line":59,"column":57},"end":{"line":59,"column":59}},{"start":{"line":59,"column":62},"end":{"line":59,"column":63}}]},"6":{"loc":{"start":{"line":59,"column":11},"end":{"line":59,"column":54}},"type":"binary-expr","locations":[{"start":{"line":59,"column":11},"end":{"line":59,"column":31}},{"start":{"line":59,"column":35},"end":{"line":59,"column":54}}]}},"s":{"0":1,"1":1,"2":1,"3":1,"4":0,"5":0,"6":0,"7":0,"8":0,"9":0,"10":1,"11":1,"12":0,"13":0,"14":0,"15":0,"16":0,"17":0,"18":0,"19":1,"20":1,"21":1,"22":1,"23":1,"24":1,"25":1,"26":3,"27":1,"28":1,"29":3,"30":1,"31":1,"32":3,"33":1,"34":1,"35":3,"36":1,"37":1,"38":3,"39":3,"40":12,"41":3,"42":1,"43":1,"44":3,"45":1,"46":1,"47":3,"48":3,"49":1,"50":1,"51":2,"52":1},"f":{"0":0,"1":0,"2":0,"3":0,"4":1,"5":3,"6":3,"7":3,"8":3,"9":3,"10":12,"11":3,"12":3,"13":2},"b":{"0":[0],"1":[3,0],"2":[3,0],"3":[0,12],"4":[0,3],"5":[3,0],"6":[3,3]}}
}
