TN:
SF:src/Models/ApiError.ts
FN:6,(anonymous_0)
FNF:1
FNH:1
FNDA:24,(anonymous_0)
DA:1,2
DA:7,24
DA:8,24
DA:9,24
LF:4
LH:4
BRF:0
BRH:0
end_of_record
TN:
SF:src/controllers/receiptController.ts
FN:7,(anonymous_7)
FN:7,(anonymous_8)
FN:16,(anonymous_9)
FN:16,(anonymous_10)
FN:29,(anonymous_11)
FN:35,(anonymous_12)
FN:38,(anonymous_13)
FN:41,(anonymous_14)
FN:44,(anonymous_15)
FN:47,(anonymous_16)
FN:49,(anonymous_17)
FN:54,(anonymous_18)
FN:57,(anonymous_19)
FN:61,(anonymous_20)
FNF:14
FNH:10
FNDA:0,(anonymous_7)
FNDA:0,(anonymous_8)
FNDA:0,(anonymous_9)
FNDA:0,(anonymous_10)
FNDA:1,(anonymous_11)
FNDA:3,(anonymous_12)
FNDA:3,(anonymous_13)
FNDA:3,(anonymous_14)
FNDA:3,(anonymous_15)
FNDA:3,(anonymous_16)
FNDA:12,(anonymous_17)
FNDA:3,(anonymous_18)
FNDA:3,(anonymous_19)
FNDA:2,(anonymous_20)
DA:3,1
DA:4,1
DA:6,1
DA:7,1
DA:8,0
DA:9,0
DA:10,0
DA:11,0
DA:13,0
DA:16,1
DA:17,0
DA:18,0
DA:19,0
DA:20,0
DA:22,0
DA:25,0
DA:29,1
DA:30,1
DA:31,1
DA:32,1
DA:35,1
DA:36,3
DA:38,1
DA:39,3
DA:41,1
DA:42,3
DA:44,1
DA:45,3
DA:47,1
DA:48,3
DA:49,3
DA:50,12
DA:52,3
DA:54,1
DA:55,3
DA:57,1
DA:58,3
DA:59,3
DA:61,1
DA:63,2
LF:40
LH:29
BRDA:19,0,0,0
BRDA:39,1,0,3
BRDA:39,1,1,0
BRDA:42,2,0,3
BRDA:42,2,1,0
BRDA:50,3,0,0
BRDA:50,3,1,12
BRDA:55,4,0,0
BRDA:55,4,1,3
BRDA:59,5,0,3
BRDA:59,5,1,0
BRDA:59,6,0,3
BRDA:59,6,1,3
BRF:13
BRH:7
end_of_record
TN:
SF:src/middleware/validations.ts
FN:12,(anonymous_0)
FN:44,throwAppropriateError
FNF:2
FNH:2
FNDA:7,(anonymous_0)
FNDA:12,throwAppropriateError
DA:1,1
DA:6,1
DA:7,1
DA:8,1
DA:9,1
DA:10,1
DA:12,1
DA:13,7
DA:14,7
DA:15,7
DA:16,0
DA:18,7
DA:19,1
DA:21,6
DA:22,1
DA:24,5
DA:25,1
DA:27,4
DA:28,1
DA:31,3
DA:32,6
DA:33,1
DA:35,5
DA:36,1
DA:39,1
DA:41,6
DA:44,1
DA:46,12
DA:48,2
DA:49,2
DA:51,2
DA:52,2
DA:54,1
DA:55,1
DA:57,2
DA:58,2
DA:60,2
DA:61,2
DA:63,2
DA:64,2
DA:66,1
DA:68,12
DA:70,1
LF:43
LH:42
BRDA:15,0,0,0
BRDA:18,1,0,1
BRDA:21,2,0,1
BRDA:24,3,0,1
BRDA:27,4,0,1
BRDA:32,5,0,1
BRDA:35,6,0,1
BRDA:46,7,0,2
BRDA:46,7,1,2
BRDA:46,7,2,1
BRDA:46,7,3,2
BRDA:46,7,4,2
BRDA:46,7,5,2
BRDA:46,7,6,1
BRF:14
BRH:13
end_of_record
